Notice	: Detecting System...
Notice	: No virtualized environment detected.
Notice	: Linux Distribution: Unknown Distribution
Error	: You are currently running McMyAdmin as an administrative user.
Error	: It is strongly advised to run McMyAdmin as a restricted user.
Error	: Startup will resume in 5 seconds...
Notice	: Detection complete.
Notice	: Detected Java runtime version 1.7.0
Warning : No Minecraft configuration file found (Normal on a first start)
Error	: McMyAdmin was not shut down properly!
Error	: To avoid potential data loss, please perform /quit on this console.
Error	: Startup will resume in 5 seconds...
Notice	: Requesting server ID... [Background]
Notice	: Got server ID: 7b051262-b258-4c8b-9b8e-0de50290315a
Notice	: Starting McMyAdmin Personal v2.5.0.2
Notice	: Checking for updates...
Notice	: Starting webserver...
Notice	: Checking for Minecraft Server updates...
Error	: Port 8080 is already in use by another application.
Error	: Web server could not start. Type /reset to retry.
Notice	: McMyAdmin has started and is ready for use.
Notice	: This is the first time McMyAdmin has been started.
Notice	: You must complete the first-start wizard via the web interface.
Notice	: Detected Java runtime version 1.7.0
Notice	: Requesting server ID... [Background]
Notice	: Got server ID: 7b051262-b258-4c8b-9b8e-0de50290315a
